<?xml version="1.0" encoding="UTF-8"?>
<!-- Generated by org.testng.reporters.JUnitXMLReporter -->
<testsuite ignored="0" hostname="NAG1-LHP-N66635" failures="0" tests="1" name="Command line test" time="0.075" errors="0" timestamp="2022-07-25T15:40:39 IST">
  <testcase classname="com.marketo.qa.base.TestBase" name="@BeforeClass initialization" time="0.047">
    <failure type="java.lang.IllegalStateException" message="The driver executable does not exist: C:\Users\neeraj.mourya\eclipse-workspace\MarketoInstance\MarketoInstance\demo.jar\resources\chromedriver.exe">
      <![CDATA[java.lang.IllegalStateException: The driver executable does not exist: C:\Users\neeraj.mourya\eclipse-workspace\MarketoInstance\MarketoInstance\demo.jar\resources\chromedriver.exe
at com.google.common.base.Preconditions.checkState(Preconditions.java:585)
at org.openqa.selenium.remote.service.DriverService.checkExecutable(DriverService.java:146)
at org.openqa.selenium.remote.service.DriverService.findExecutable(DriverService.java:141)
at org.openqa.selenium.chrome.ChromeDriverService.access$000(ChromeDriverService.java:35)
at org.openqa.selenium.chrome.ChromeDriverService$Builder.findDefaultExecutable(ChromeDriverService.java:159)
at org.openqa.selenium.remote.service.DriverService$Builder.build(DriverService.java:355)
at org.openqa.selenium.chrome.ChromeDriverService.createDefaultService(ChromeDriverService.java:94)
at org.openqa.selenium.chrome.ChromeDriver.<init>(ChromeDriver.java:123)
at com.marketo.qa.base.TestBase.initialization(TestBase.java:51)
at java.base/java.util.ArrayList.forEach(ArrayList.java:1511)
at com.marketo.qa.Tests.TestRunner.main(TestRunner.java:20)
... Removed 20 stack frames]]>
    </failure>
  </testcase> <!-- @BeforeClass initialization -->
  <testcase classname="com.marketo.qa.base.TestBase" name="@BeforeMethod MarketoLogin" time="-1.658743839651E9">
    <skipped/>
  </testcase> <!-- @BeforeMethod MarketoLogin -->
  <testcase classname="com.marketo.qa.base.TestBase" name="@AfterMethod CloseBrowser" time="-1.658743839652E9">
    <skipped/>
  </testcase> <!-- @AfterMethod CloseBrowser -->
  <testcase classname="com.marketo.qa.Tests.FetchDataFromChangeScore" name="VerifyChangeScoreCount" time="0.0">
    <skipped/>
  </testcase> <!-- VerifyChangeScoreCount -->
</testsuite> <!-- Command line test -->
